2014/04/21 01:43:28 [error] [exception.CException] exception 'CException' with message 'CHttpRequest is unable to determine the request URI.' in C:\xampp\htdocs\add-vertise\app\services\framework\web\CHttpRequest.php:519
Stack trace:
#0 C:\xampp\htdocs\add-vertise\app\services\framework\web\CHttpRequest.php(431): CHttpRequest->getRequestUri()
#1 C:\xampp\htdocs\add-vertise\app\services\framework\web\CUrlManager.php(364): CHttpRequest->getPathInfo()
#2 C:\xampp\htdocs\add-vertise\app\services\framework\web\CWebApplication.php(140): CUrlManager->parseUrl(Object(CHttpRequest))
#3 C:\xampp\htdocs\add-vertise\app\services\framework\base\CApplication.php(180): CWebApplication->processRequest()
#4 C:\xampp\htdocs\add-vertise\app\services\rest-api\index.php(14): CApplication->run()
#5 {main}
---
2014/04/21 01:57:51 [error] [exception.CException] exception 'CException' with message 'CHttpRequest is unable to determine the request URI.' in C:\xampp\htdocs\add-vertise\app\services\framework\web\CHttpRequest.php:519
Stack trace:
#0 C:\xampp\htdocs\add-vertise\app\services\framework\web\CHttpRequest.php(431): CHttpRequest->getRequestUri()
#1 C:\xampp\htdocs\add-vertise\app\services\framework\web\CUrlManager.php(364): CHttpRequest->getPathInfo()
#2 C:\xampp\htdocs\add-vertise\app\services\framework\web\CWebApplication.php(140): CUrlManager->parseUrl(Object(CHttpRequest))
#3 C:\xampp\htdocs\add-vertise\app\services\framework\base\CApplication.php(180): CWebApplication->processRequest()
#4 C:\xampp\htdocs\add-vertise\app\services\rest-api\index.php(14): CApplication->run()
#5 {main}
---
2014/04/21 01:58:35 [error] [exception.CException] exception 'CException' with message 'CHttpRequest is unable to determine the request URI.' in C:\xampp\htdocs\add-vertise\app\services\framework\web\CHttpRequest.php:519
Stack trace:
#0 C:\xampp\htdocs\add-vertise\app\services\framework\web\CHttpRequest.php(431): CHttpRequest->getRequestUri()
#1 C:\xampp\htdocs\add-vertise\app\services\framework\web\CUrlManager.php(364): CHttpRequest->getPathInfo()
#2 C:\xampp\htdocs\add-vertise\app\services\framework\web\CWebApplication.php(140): CUrlManager->parseUrl(Object(CHttpRequest))
#3 C:\xampp\htdocs\add-vertise\app\services\framework\base\CApplication.php(180): CWebApplication->processRequest()
#4 C:\xampp\htdocs\add-vertise\app\services\rest-api\index.php(14): CApplication->run()
#5 {main}
---
2014/04/21 02:10:54 [error] [exception.CException] exception 'CException' with message 'CHttpRequest is unable to determine the request URI.' in C:\xampp\htdocs\add-vertise\app\services\framework\web\CHttpRequest.php:519
Stack trace:
#0 C:\xampp\htdocs\add-vertise\app\services\framework\web\CHttpRequest.php(431): CHttpRequest->getRequestUri()
#1 C:\xampp\htdocs\add-vertise\app\services\framework\web\CUrlManager.php(364): CHttpRequest->getPathInfo()
#2 C:\xampp\htdocs\add-vertise\app\services\framework\web\CWebApplication.php(140): CUrlManager->parseUrl(Object(CHttpRequest))
#3 C:\xampp\htdocs\add-vertise\app\services\framework\base\CApplication.php(180): CWebApplication->processRequest()
#4 C:\xampp\htdocs\add-vertise\app\services\rest-api\index.php(14): CApplication->run()
#5 {main}
---
2014/04/21 02:13:26 [error] [exception.CException] exception 'CException' with message 'CHttpRequest is unable to determine the request URI.' in C:\xampp\htdocs\add-vertise\app\services\framework\web\CHttpRequest.php:519
Stack trace:
#0 C:\xampp\htdocs\add-vertise\app\services\framework\web\CHttpRequest.php(431): CHttpRequest->getRequestUri()
#1 C:\xampp\htdocs\add-vertise\app\services\framework\web\CUrlManager.php(364): CHttpRequest->getPathInfo()
#2 C:\xampp\htdocs\add-vertise\app\services\framework\web\CWebApplication.php(140): CUrlManager->parseUrl(Object(CHttpRequest))
#3 C:\xampp\htdocs\add-vertise\app\services\framework\base\CApplication.php(180): CWebApplication->processRequest()
#4 C:\xampp\htdocs\add-vertise\app\services\rest-api\index.php(14): CApplication->run()
#5 {main}
---
2014/04/21 02:14:08 [error] [exception.CException] exception 'CException' with message 'CHttpRequest is unable to determine the request URI.' in C:\xampp\htdocs\add-vertise\app\services\framework\web\CHttpRequest.php:519
Stack trace:
#0 C:\xampp\htdocs\add-vertise\app\services\framework\web\CHttpRequest.php(431): CHttpRequest->getRequestUri()
#1 C:\xampp\htdocs\add-vertise\app\services\framework\web\CUrlManager.php(364): CHttpRequest->getPathInfo()
#2 C:\xampp\htdocs\add-vertise\app\services\framework\web\CWebApplication.php(140): CUrlManager->parseUrl(Object(CHttpRequest))
#3 C:\xampp\htdocs\add-vertise\app\services\framework\base\CApplication.php(180): CWebApplication->processRequest()
#4 C:\xampp\htdocs\add-vertise\app\services\rest-api\index.php(14): CApplication->run()
#5 {main}
---
2014/04/21 02:17:45 [error] [exception.CHttpException.404] exception 'CHttpException' with message 'Unable to resolve the request "posts".' in C:\xampp\htdocs\add-vertise\app\services\framework\web\CWebApplication.php:286
Stack trace:
#0 C:\xampp\htdocs\add-vertise\app\services\framework\web\CWebApplication.php(141): CWebApplication->runController('posts')
#1 C:\xampp\htdocs\add-vertise\app\services\framework\base\CApplication.php(180): CWebApplication->processRequest()
#2 C:\xampp\htdocs\add-vertise\app\services\rest-api\index.php(14): CApplication->run()
#3 {main}
REQUEST_URI=/add-vertise/app/services/rest-api/index.php/posts
---
2014/04/21 02:18:50 [error] [exception.CHttpException.404] exception 'CHttpException' with message 'The system is unable to find the requested action "2".' in C:\xampp\htdocs\add-vertise\app\services\framework\web\CController.php:483
Stack trace:
#0 C:\xampp\htdocs\add-vertise\app\services\framework\web\CController.php(270): CController->missingAction('2')
#1 C:\xampp\htdocs\add-vertise\app\services\framework\web\CWebApplication.php(282): CController->run('2')
#2 C:\xampp\htdocs\add-vertise\app\services\framework\web\CWebApplication.php(141): CWebApplication->runController('post/2')
#3 C:\xampp\htdocs\add-vertise\app\services\framework\base\CApplication.php(180): CWebApplication->processRequest()
#4 C:\xampp\htdocs\add-vertise\app\services\rest-api\index.php(14): CApplication->run()
#5 {main}
REQUEST_URI=/add-vertise/app/services/rest-api/index.php/post/2
---
2014/04/21 02:19:01 [error] [exception.CHttpException.404] exception 'CHttpException' with message 'The system is unable to find the requested action "yii".' in C:\xampp\htdocs\add-vertise\app\services\framework\web\CController.php:483
Stack trace:
#0 C:\xampp\htdocs\add-vertise\app\services\framework\web\CController.php(270): CController->missingAction('yii')
#1 C:\xampp\htdocs\add-vertise\app\services\framework\web\CWebApplication.php(282): CController->run('yii')
#2 C:\xampp\htdocs\add-vertise\app\services\framework\web\CWebApplication.php(141): CWebApplication->runController('post/yii')
#3 C:\xampp\htdocs\add-vertise\app\services\framework\base\CApplication.php(180): CWebApplication->processRequest()
#4 C:\xampp\htdocs\add-vertise\app\services\rest-api\index.php(14): CApplication->run()
#5 {main}
REQUEST_URI=/add-vertise/app/services/rest-api/index.php/post/yii
---
2014/04/21 02:19:09 [error] [exception.CHttpException.404] exception 'CHttpException' with message 'The system is unable to find the requested action "gii".' in C:\xampp\htdocs\add-vertise\app\services\framework\web\CController.php:483
Stack trace:
#0 C:\xampp\htdocs\add-vertise\app\services\framework\web\CController.php(270): CController->missingAction('gii')
#1 C:\xampp\htdocs\add-vertise\app\services\framework\web\CWebApplication.php(282): CController->run('gii')
#2 C:\xampp\htdocs\add-vertise\app\services\framework\web\CWebApplication.php(141): CWebApplication->runController('post/gii')
#3 C:\xampp\htdocs\add-vertise\app\services\framework\base\CApplication.php(180): CWebApplication->processRequest()
#4 C:\xampp\htdocs\add-vertise\app\services\rest-api\index.php(14): CApplication->run()
#5 {main}
REQUEST_URI=/add-vertise/app/services/rest-api/index.php/post/gii
---
2014/04/21 02:19:13 [error] [exception.CHttpException.404] exception 'CHttpException' with message 'The system is unable to find the requested action "test".' in C:\xampp\htdocs\add-vertise\app\services\framework\web\CController.php:483
Stack trace:
#0 C:\xampp\htdocs\add-vertise\app\services\framework\web\CController.php(270): CController->missingAction('test')
#1 C:\xampp\htdocs\add-vertise\app\services\framework\web\CWebApplication.php(282): CController->run('test')
#2 C:\xampp\htdocs\add-vertise\app\services\framework\web\CWebApplication.php(141): CWebApplication->runController('post/test')
#3 C:\xampp\htdocs\add-vertise\app\services\framework\base\CApplication.php(180): CWebApplication->processRequest()
#4 C:\xampp\htdocs\add-vertise\app\services\rest-api\index.php(14): CApplication->run()
#5 {main}
REQUEST_URI=/add-vertise/app/services/rest-api/index.php/post/test
---
2014/04/21 02:39:56 [error] [exception.CException] exception 'CException' with message 'CHttpRequest is unable to determine the request URI.' in C:\xampp\htdocs\add-vertise\app\services\framework\web\CHttpRequest.php:519
Stack trace:
#0 C:\xampp\htdocs\add-vertise\app\services\framework\web\CHttpRequest.php(431): CHttpRequest->getRequestUri()
#1 C:\xampp\htdocs\add-vertise\app\services\framework\web\CUrlManager.php(364): CHttpRequest->getPathInfo()
#2 C:\xampp\htdocs\add-vertise\app\services\framework\web\CWebApplication.php(140): CUrlManager->parseUrl(Object(CHttpRequest))
#3 C:\xampp\htdocs\add-vertise\app\services\framework\base\CApplication.php(180): CWebApplication->processRequest()
#4 C:\xampp\htdocs\add-vertise\app\services\rest-api\index.php(14): CApplication->run()
#5 {main}
---
2014/04/21 02:42:08 [error] [exception.CException] exception 'CException' with message 'CHttpRequest is unable to determine the request URI.' in C:\xampp\htdocs\add-vertise\app\services\framework\web\CHttpRequest.php:519
Stack trace:
#0 C:\xampp\htdocs\add-vertise\app\services\framework\web\CHttpRequest.php(431): CHttpRequest->getRequestUri()
#1 C:\xampp\htdocs\add-vertise\app\services\framework\web\CUrlManager.php(364): CHttpRequest->getPathInfo()
#2 C:\xampp\htdocs\add-vertise\app\services\framework\web\CWebApplication.php(140): CUrlManager->parseUrl(Object(CHttpRequest))
#3 C:\xampp\htdocs\add-vertise\app\services\framework\base\CApplication.php(180): CWebApplication->processRequest()
#4 C:\xampp\htdocs\add-vertise\app\services\rest-api\index.php(14): CApplication->run()
#5 {main}
---
2014/04/21 03:03:29 [error] [exception.CException] exception 'CException' with message 'CHttpRequest is unable to determine the request URI.' in C:\xampp\htdocs\add-vertise\app\services\framework\web\CHttpRequest.php:519
Stack trace:
#0 C:\xampp\htdocs\add-vertise\app\services\framework\web\CHttpRequest.php(431): CHttpRequest->getRequestUri()
#1 C:\xampp\htdocs\add-vertise\app\services\framework\web\CUrlManager.php(364): CHttpRequest->getPathInfo()
#2 C:\xampp\htdocs\add-vertise\app\services\framework\web\CWebApplication.php(140): CUrlManager->parseUrl(Object(CHttpRequest))
#3 C:\xampp\htdocs\add-vertise\app\services\framework\base\CApplication.php(180): CWebApplication->processRequest()
#4 C:\xampp\htdocs\add-vertise\app\services\rest-api\index.php(14): CApplication->run()
#5 {main}
---
2014/04/21 03:32:43 [error] [exception.CException] exception 'CException' with message 'CHttpRequest is unable to determine the request URI.' in C:\xampp\htdocs\add-vertise\app\services\framework\web\CHttpRequest.php:519
Stack trace:
#0 C:\xampp\htdocs\add-vertise\app\services\framework\web\CHttpRequest.php(431): CHttpRequest->getRequestUri()
#1 C:\xampp\htdocs\add-vertise\app\services\framework\web\CUrlManager.php(364): CHttpRequest->getPathInfo()
#2 C:\xampp\htdocs\add-vertise\app\services\framework\web\CWebApplication.php(140): CUrlManager->parseUrl(Object(CHttpRequest))
#3 C:\xampp\htdocs\add-vertise\app\services\framework\base\CApplication.php(180): CWebApplication->processRequest()
#4 C:\xampp\htdocs\add-vertise\app\services\rest-api\index.php(14): CApplication->run()
#5 {main}
---
2014/04/21 03:42:58 [error] [exception.CException] exception 'CException' with message 'CHttpRequest is unable to determine the request URI.' in C:\xampp\htdocs\add-vertise\app\services\framework\web\CHttpRequest.php:519
Stack trace:
#0 C:\xampp\htdocs\add-vertise\app\services\framework\web\CHttpRequest.php(431): CHttpRequest->getRequestUri()
#1 C:\xampp\htdocs\add-vertise\app\services\framework\web\CUrlManager.php(364): CHttpRequest->getPathInfo()
#2 C:\xampp\htdocs\add-vertise\app\services\framework\web\CWebApplication.php(140): CUrlManager->parseUrl(Object(CHttpRequest))
#3 C:\xampp\htdocs\add-vertise\app\services\framework\base\CApplication.php(180): CWebApplication->processRequest()
#4 C:\xampp\htdocs\add-vertise\app\services\rest-api\index.php(14): CApplication->run()
#5 {main}
---
2014/04/21 03:43:03 [error] [exception.CException] exception 'CException' with message 'CHttpRequest is unable to determine the request URI.' in C:\xampp\htdocs\add-vertise\app\services\framework\web\CHttpRequest.php:519
Stack trace:
#0 C:\xampp\htdocs\add-vertise\app\services\framework\web\CHttpRequest.php(431): CHttpRequest->getRequestUri()
#1 C:\xampp\htdocs\add-vertise\app\services\framework\web\CUrlManager.php(364): CHttpRequest->getPathInfo()
#2 C:\xampp\htdocs\add-vertise\app\services\framework\web\CWebApplication.php(140): CUrlManager->parseUrl(Object(CHttpRequest))
#3 C:\xampp\htdocs\add-vertise\app\services\framework\base\CApplication.php(180): CWebApplication->processRequest()
#4 C:\xampp\htdocs\add-vertise\app\services\rest-api\index.php(14): CApplication->run()
#5 {main}
---
2014/04/21 03:43:46 [error] [exception.CException] exception 'CException' with message 'CHttpRequest is unable to determine the request URI.' in C:\xampp\htdocs\add-vertise\app\services\framework\web\CHttpRequest.php:519
Stack trace:
#0 C:\xampp\htdocs\add-vertise\app\services\framework\web\CHttpRequest.php(431): CHttpRequest->getRequestUri()
#1 C:\xampp\htdocs\add-vertise\app\services\framework\web\CUrlManager.php(364): CHttpRequest->getPathInfo()
#2 C:\xampp\htdocs\add-vertise\app\services\framework\web\CWebApplication.php(140): CUrlManager->parseUrl(Object(CHttpRequest))
#3 C:\xampp\htdocs\add-vertise\app\services\framework\base\CApplication.php(180): CWebApplication->processRequest()
#4 C:\xampp\htdocs\add-vertise\app\services\rest-api\index.php(14): CApplication->run()
#5 {main}
---
2014/04/21 03:45:26 [error] [exception.CHttpException.404] exception 'CHttpException' with message 'Unable to resolve the request "posts".' in C:\xampp\htdocs\add-vertise\app\services\framework\web\CWebApplication.php:286
Stack trace:
#0 C:\xampp\htdocs\add-vertise\app\services\framework\web\CWebApplication.php(141): CWebApplication->runController('posts')
#1 C:\xampp\htdocs\add-vertise\app\services\framework\base\CApplication.php(180): CWebApplication->processRequest()
#2 C:\xampp\htdocs\add-vertise\app\services\rest-api\index.php(14): CApplication->run()
#3 {main}
REQUEST_URI=/add-vertise/app/services/rest-api/index.php/posts
---
2014/04/21 03:48:35 [error] [exception.CHttpException.404] exception 'CHttpException' with message 'Unable to resolve the request "posts".' in C:\xampp\htdocs\add-vertise\app\services\framework\web\CWebApplication.php:286
Stack trace:
#0 C:\xampp\htdocs\add-vertise\app\services\framework\web\CWebApplication.php(141): CWebApplication->runController('posts')
#1 C:\xampp\htdocs\add-vertise\app\services\framework\base\CApplication.php(180): CWebApplication->processRequest()
#2 C:\xampp\htdocs\add-vertise\app\services\rest-api\index.php(14): CApplication->run()
#3 {main}
REQUEST_URI=/add-vertise/app/services/rest-api/index.php/posts
HTTP_REFERER=http://127.0.0.1:9000/
---
